<?xml version="1.0" encoding="UTF-8"?>
<!--
  ~ Copyright (c) 2010-2012 Grid Dynamics Consulting Services, Inc, All Rights Reserved
  ~ http://www.griddynamics.com
  ~
  ~ This library is free software; you can redistribute it and/or modify it under the terms of
  ~ the GNU Lesser General Public License as published by the Free Software Foundation; either
  ~ version 2.1 of the License, or any later version.
  ~
  ~ THIS SOFTWARE IS PROVIDED BY THE COPYRIGHT HOLDERS AND CONTRIBUTORS "AS IS"
  ~ AND ANY EXPRESS OR IMPLIED WARRANTIES, INCLUDING, BUT NOT LIMITED TO, THE
  ~ IMPLIED WARRANTIES OF MERCHANTABILITY AND FITNESS FOR A PARTICULAR PURPOSE ARE
  ~ DISCLAIMED. IN NO EVENT SHALL THE COPYRIGHT OWNER OR CONTRIBUTORS BE LIABLE
  ~ FOR ANY DIRECT, INDIRECT, INCIDENTAL, SPECIAL, EXEMPLARY, OR CONSEQUENTIAL
  ~ DAMAGES (INCLUDING, BUT NOT LIMITED TO, PROCUREMENT OF SUBSTITUTE GOODS OR
  ~ SERVICES; LOSS OF USE, DATA, OR PROFITS; OR BUSINESS INTERRUPTION) HOWEVER
  ~ CAUSED AND ON ANY THEORY OF LIABILITY, WHETHER IN CONTRACT, STRICT LIABILITY,
  ~ OR TORT (INCLUDING NEGLIGENCE OR OTHERWISE) ARISING IN ANY WAY OUT OF THE USE
  ~ OF THIS SOFTWARE, EVEN IF ADVISED OF THE POSSIBILITY OF SUCH DAMAGE.
  -->

<beans xmlns="http://www.springframework.org/schema/beans"
       xmlns:xsi="http://www.w3.org/2001/XMLSchema-instance"
       xsi:schemaLocation="http://www.springframework.org/schema/beans http://www.springframework.org/schema/beans/spring-beans.xsd">

    <bean id="propertiesResolverRegistry" class="com.griddynamics.jagger.util.PropertiesResolverRegistry">
        <property name="resources">
            <list>
                <value>spring/default.root.properties</value>
                <value>spring/root.properties</value>
            </list>
        </property>
        <property name="priorityResources">
            <list>
                <value>spring/priority.properties</value>
            </list>
        </property>
    </bean>

    <bean class="com.griddynamics.jagger.util.PropertiesResolver">
        <property name="registry" ref="propertiesResolverRegistry"/>
        <property name="resources">
            <list>
                <value>spring/specific-1.properties</value>
            </list>
        </property>
    </bean>

    <bean class="com.griddynamics.jagger.util.PropertiesResolver">
        <property name="registry" ref="propertiesResolverRegistry"/>
        <property name="resources">
            <list>
                <value>spring/specific-2.properties</value>
            </list>
        </property>
    </bean>

    <bean id="stringA" class="java.lang.String">
        <constructor-arg value="${x}"/>
    </bean>

    <bean id="stringB" class="java.lang.String">
        <constructor-arg value="${spec-1}"/>
    </bean>

    <bean id="stringC" class="java.lang.String">
        <constructor-arg value="${spec-2}"/>
    </bean>

    <bean id="stringD" class="java.lang.String">
        <constructor-arg value="${spec-3}"/>
    </bean>

    <bean id="stringE" class="java.lang.String">
        <constructor-arg value="${spec-4}"/>
    </bean>

</beans>
